0 info it worked if it ends with ok
1 verbose cli [ '/Users/mizchi/.nodebrew/current/bin/node',
1 verbose cli   '/Users/mizchi/.nodebrew/current/bin/npm',
1 verbose cli   'install',
1 verbose cli   'ugilify',
1 verbose cli   '-g' ]
2 info using npm@1.2.15
3 info using node@v0.10.1
4 verbose node symlink /Users/mizchi/.nodebrew/current/bin/node
5 verbose read json /Users/mizchi/.nodebrew/current/lib/package.json
6 verbose read json /Users/mizchi/.nodebrew/current/lib/package.json
7 verbose cache add [ 'ugilify', null ]
8 verbose cache add name=undefined spec="ugilify" args=["ugilify",null]
9 verbose parsed url { protocol: null,
9 verbose parsed url   slashes: null,
9 verbose parsed url   auth: null,
9 verbose parsed url   host: null,
9 verbose parsed url   port: null,
9 verbose parsed url   hostname: null,
9 verbose parsed url   hash: null,
9 verbose parsed url   search: null,
9 verbose parsed url   query: null,
9 verbose parsed url   pathname: 'ugilify',
9 verbose parsed url   path: 'ugilify',
9 verbose parsed url   href: 'ugilify' }
10 silly lockFile 58dbbf7c-ugilify ugilify
11 verbose lock ugilify /Users/mizchi/.npm/58dbbf7c-ugilify.lock
12 silly lockFile 58dbbf7c-ugilify ugilify
13 silly lockFile 58dbbf7c-ugilify ugilify
14 verbose addNamed [ 'ugilify', '' ]
15 verbose addNamed [ null, '' ]
16 silly lockFile 67819c34-ugilify ugilify@
17 verbose lock ugilify@ /Users/mizchi/.npm/67819c34-ugilify.lock
18 silly addNameRange { name: 'ugilify', range: '', hasData: false }
19 verbose url raw ugilify
20 verbose url resolving [ 'https://registry.npmjs.org/', './ugilify' ]
21 verbose url resolved https://registry.npmjs.org/ugilify
22 info trying registry request attempt 1 at 03:19:52
23 http GET https://registry.npmjs.org/ugilify
24 http 404 https://registry.npmjs.org/ugilify
25 silly registry.get cb [ 404,
25 silly registry.get   { server: 'CouchDB/1.3.0 (Erlang OTP/R15B03)',
25 silly registry.get     date: 'Thu, 11 Apr 2013 18:20:10 GMT',
25 silly registry.get     'content-type': 'application/json',
25 silly registry.get     'content-length': '52',
25 silly registry.get     'cache-control': 'must-revalidate' } ]
26 silly lockFile 67819c34-ugilify ugilify@
27 silly lockFile 67819c34-ugilify ugilify@
28 error 404 'ugilify' is not in the npm registry.
28 error 404 You should bug the author to publish it
28 error 404
28 error 404 Note that you can also install from a
28 error 404 tarball, folder, or http url, or git url.
29 error System Darwin 12.3.0
30 error command "/Users/mizchi/.nodebrew/current/bin/node" "/Users/mizchi/.nodebrew/current/bin/npm" "install" "ugilify" "-g"
31 error cwd /Users/mizchi/sandbox/_module_
32 error node -v v0.10.1
33 error npm -v 1.2.15
34 error code E404
35 verbose exit [ 1, true ]
